[INFO ] 2025-03-01 09:20:06,078 TC_003_DataDrivenTesting.verify_loginDDT() - ***** stating TC_003_DDT ******
[INFO ] 2025-03-01 09:20:36,272 TC_003_DataDrivenTesting.verify_loginDDT() - ***** stating TC_003_DDT ******
[INFO ] 2025-03-01 09:21:06,472 TC_003_DataDrivenTesting.verify_loginDDT() - ***** stating TC_003_DDT ******
[INFO ] 2025-03-01 09:24:25,697 TC_003_DataDrivenTesting.verify_loginDDT() - ***** stating TC_003_DDT ******
[INFO ] 2025-03-01 09:24:57,818 TC_003_DataDrivenTesting.verify_loginDDT() - ***** stating TC_003_DDT ******
[INFO ] 2025-03-01 09:25:27,996 TC_003_DataDrivenTesting.verify_loginDDT() - ***** stating TC_003_DDT ******
[INFO ] 2025-03-01 09:25:58,160 TC_003_DataDrivenTesting.verify_loginDDT() - ***** stating TC_003_DDT ******
[INFO ] 2025-03-01 09:26:28,340 TC_003_DataDrivenTesting.verify_loginDDT() - ***** stating TC_003_DDT ******
[INFO ] 2025-03-01 09:26:58,624 TC_003_DataDrivenTesting.verify_loginDDT() - ***** stating TC_003_DDT ******
[INFO ] 2025-03-01 09:27:28,853 TC_003_DataDrivenTesting.verify_loginDDT() - ***** stating TC_003_DDT ******
[INFO ] 2025-03-01 09:28:07,218 TC_003_DataDrivenTesting.verify_loginDDT() - ***** Finished TC_003_DDT ******
[INFO ] 2025-03-01 09:28:07,224 TC_003_DataDrivenTesting.verify_loginDDT() - ***** stating TC_003_DDT ******
[INFO ] 2025-03-01 09:28:38,438 TC_003_DataDrivenTesting.verify_loginDDT() - ***** Finished TC_003_DDT ******
[INFO ] 2025-03-01 09:31:14,893 TC_003_DataDrivenTesting.verify_loginDDT() - ***** stating TC_003_DDT ******
[INFO ] 2025-03-01 09:31:47,173 TC_003_DataDrivenTesting.verify_loginDDT() - ***** stating TC_003_DDT ******
[INFO ] 2025-03-01 09:32:17,424 TC_003_DataDrivenTesting.verify_loginDDT() - ***** stating TC_003_DDT ******
[INFO ] 2025-03-01 09:32:47,586 TC_003_DataDrivenTesting.verify_loginDDT() - ***** stating TC_003_DDT ******
[INFO ] 2025-03-01 09:33:17,807 TC_003_DataDrivenTesting.verify_loginDDT() - ***** stating TC_003_DDT ******
[INFO ] 2025-03-01 09:33:48,000 TC_003_DataDrivenTesting.verify_loginDDT() - ***** stating TC_003_DDT ******
[INFO ] 2025-03-01 09:34:18,285 TC_003_DataDrivenTesting.verify_loginDDT() - ***** stating TC_003_DDT ******
[INFO ] 2025-03-01 09:34:48,533 TC_003_DataDrivenTesting.verify_loginDDT() - ***** stating TC_003_DDT ******
[INFO ] 2025-03-01 10:01:41,148 TC_001_AccountRegistrationTest.verify_account_registration() - ****Starting TC001_AccountRegistrationTest ****
[INFO ] 2025-03-01 10:01:41,491 TC_001_AccountRegistrationTest.verify_account_registration() - ****Click on Account link****
[INFO ] 2025-03-01 10:01:42,095 TC_001_AccountRegistrationTest.verify_account_registration() - **** Click on Register link*****
[INFO ] 2025-03-01 10:01:42,736 TC_001_AccountRegistrationTest.verify_account_registration() - ***Validating expected message ****
[INFO ] 2025-03-01 10:01:43,685 TC_001_AccountRegistrationTest.verify_account_registration() - ***Finished  TC001_AccountRegistrationTest****
[INFO ] 2025-03-01 10:01:46,799 TC_002_LoginTest.verify_login() -  **Staring of TC_002_LoginTest**
[INFO ] 2025-03-01 10:01:48,903 TC_002_LoginTest.verify_login() - ****** Finished TC_002_LoginTest *****
[INFO ] 2025-03-01 10:03:00,790 TC_002_LoginTest.verify_login() -  **Staring of TC_002_LoginTest**
[INFO ] 2025-03-01 10:03:03,349 TC_002_LoginTest.verify_login() - ****** Finished TC_002_LoginTest *****
[INFO ] 2025-03-01 10:09:59,735 TC_003_DataDrivenTesting.verify_loginDDT() - ***** stating TC_003_DDT ******
[INFO ] 2025-03-01 10:10:32,005 TC_003_DataDrivenTesting.verify_loginDDT() - ***** stating TC_003_DDT ******
[INFO ] 2025-03-01 10:11:02,185 TC_003_DataDrivenTesting.verify_loginDDT() - ***** stating TC_003_DDT ******
[INFO ] 2025-03-01 10:11:32,325 TC_003_DataDrivenTesting.verify_loginDDT() - ***** stating TC_003_DDT ******
[INFO ] 2025-03-01 10:12:02,552 TC_003_DataDrivenTesting.verify_loginDDT() - ***** stating TC_003_DDT ******
[INFO ] 2025-03-01 10:12:32,823 TC_003_DataDrivenTesting.verify_loginDDT() - ***** stating TC_003_DDT ******
[INFO ] 2025-03-01 10:13:03,070 TC_003_DataDrivenTesting.verify_loginDDT() - ***** stating TC_003_DDT ******
[INFO ] 2025-03-01 10:13:33,344 TC_003_DataDrivenTesting.verify_loginDDT() - ***** stating TC_003_DDT ******
[INFO ] 2025-03-01 15:52:36,983 TC_001_AccountRegistrationTest.verify_account_registration() - ****Starting TC001_AccountRegistrationTest ****
[INFO ] 2025-03-01 15:53:07,105 TC_001_AccountRegistrationTest.verify_account_registration() - ***Finished  TC001_AccountRegistrationTest****
[INFO ] 2025-03-01 15:53:10,569 TC_002_LoginTest.verify_login() -  **Staring of TC_002_LoginTest**
[INFO ] 2025-03-01 15:53:24,166 TC_001_AccountRegistrationTest.verify_account_registration() - ****Starting TC001_AccountRegistrationTest ****
[INFO ] 2025-03-01 15:53:54,211 TC_001_AccountRegistrationTest.verify_account_registration() - ***Finished  TC001_AccountRegistrationTest****
[INFO ] 2025-03-01 15:53:59,220 TC_002_LoginTest.verify_login() -  **Staring of TC_002_LoginTest**
